<?xml version="1.0" encoding="UTF-8"?>
<testsuite xmlns:xsi="http://www.w3.org/2001/XMLSchema-instance" xsi:noNamespaceSchemaLocation="https://maven.apache.org/surefire/maven-surefire-plugin/xsd/surefire-test-report.xsd" name="TestSuite" time="90.392" tests="4" errors="0" skipped="0" failures="0">
  <properties>
[...]
</properties>
  <testcase name="webApptest" classname="module3.testNgScripts.WebAppTestScript2" time="3.235"/>
  <testcase name="HybridTest" classname="module3.testNgScripts.HybridAppTest" time="18.483"/>
  <testcase name="Taptest" classname="module3.testNgScripts.NativeAppTest" time="4.819"/>
  <testcase name="tabElementTest" classname="module3.testNgScripts.NativeAppTest" time="5.181"/>
</testsuite>