<?xml version="1.0" encoding="UTF-8"?>
<testng-results ignored="0" total="4" passed="4" failed="0" skipped="0">
  <reporter-output>
  </reporter-output>
  <suite started-at="2022-01-16T17:35:44Z" name="appiumtesting" finished-at="2022-01-16T17:36:35Z" duration-ms="50671">
    <groups>
    </groups>
    <test started-at="2022-01-16T17:35:44Z" name="WebApp" finished-at="2022-01-16T17:36:03Z" duration-ms="19016">
      <class name="module3.testNgScripts.WebAppTestScript2">
        <test-method is-config="true" signature="startSession()[pri:0, instance:module3.testNgScripts.WebAppTestScript2@7098b907]" started-at="2022-01-16T17:35:44Z" name="startSession" finished-at="2022-01-16T17:36:00Z" duration-ms="15745" status="PASS">
          <reporter-output>
          </reporter-output>
        </test-method> <!-- startSession -->
        <test-method signature="webApptest()[pri:49, instance:module3.testNgScripts.WebAppTestScript2@7098b907]" started-at="2022-01-16T17:36:00Z" name="webApptest" finished-at="2022-01-16T17:36:03Z" duration-ms="3232" status="PASS">
          <reporter-output>
          </reporter-output>
        </test-method> <!-- webApptest -->
        <test-method is-config="true" signature="stopsession()[pri:0, instance:module3.testNgScripts.WebAppTestScript2@7098b907]" started-at="2022-01-16T17:36:03Z" name="stopsession" finished-at="2022-01-16T17:36:03Z" duration-ms="1" status="PASS">
          <reporter-output>
          </reporter-output>
        </test-method> <!-- stopsession -->
      </class> <!-- module3.testNgScripts.WebAppTestScript2 -->
    </test> <!-- WebApp -->
    <test started-at="2022-01-16T17:36:03Z" name="HybridApp" finished-at="2022-01-16T17:36:35Z" duration-ms="31535">
      <class name="module3.testNgScripts.HybridAppTest">
        <test-method is-config="true" signature="startsession()[pri:0, instance:module3.testNgScripts.HybridAppTest@2bdd8394]" started-at="2022-01-16T17:36:03Z" name="startsession" finished-at="2022-01-16T17:36:16Z" duration-ms="13047" status="PASS">
          <reporter-output>
          </reporter-output>
        </test-method> <!-- startsession -->
        <test-method signature="HybridTest()[pri:49, instance:module3.testNgScripts.HybridAppTest@2bdd8394]" started-at="2022-01-16T17:36:16Z" name="HybridTest" finished-at="2022-01-16T17:36:35Z" duration-ms="18484" status="PASS">
          <reporter-output>
          </reporter-output>
        </test-method> <!-- HybridTest -->
        <test-method is-config="true" signature="closeApp()[pri:0, instance:module3.testNgScripts.HybridAppTest@2bdd8394]" started-at="2022-01-16T17:36:35Z" name="closeApp" finished-at="2022-01-16T17:36:35Z" duration-ms="1" status="PASS">
          <reporter-output>
          </reporter-output>
        </test-method> <!-- closeApp -->
      </class> <!-- module3.testNgScripts.HybridAppTest -->
    </test> <!-- HybridApp -->
  </suite> <!-- appiumtesting -->
  <suite started-at="2022-01-16T17:36:35Z" name="appiumtesting (0)" finished-at="2022-01-16T17:37:12Z" duration-ms="36906">
    <groups>
    </groups>
    <test started-at="2022-01-16T17:36:35Z" name="nativeApp" finished-at="2022-01-16T17:37:12Z" duration-ms="36906">
      <class name="module3.testNgScripts.NativeAppTest">
        <test-method is-config="true" signature="OpenApp(java.lang.String, java.lang.String, java.lang.String, java.lang.String, java.lang.String, java.lang.String)[pri:0, instance:module3.testNgScripts.NativeAppTest@7d61eb55]" started-at="2022-01-16T17:36:35Z" name="OpenApp" finished-at="2022-01-16T17:36:48Z" duration-ms="13484" status="PASS">
          <params>
            <param index="0">
              <value>
                <![CDATA[96352732140005T]]>
              </value>
            </param>
            <param index="1">
              <value>
                <![CDATA[ANDROID]]>
              </value>
            </param>
            <param index="2">
              <value>
                <![CDATA[11]]>
              </value>
            </param>
            <param index="3">
              <value>
                <![CDATA[com.google.android.apps.maps]]>
              </value>
            </param>
            <param index="4">
              <value>
                <![CDATA[com.google.android.maps.MapsActivity]]>
              </value>
            </param>
            <param index="5">
              <value>
                <![CDATA[http://127.0.0.1:4723/wd/hub]]>
              </value>
            </param>
          </params>
          <reporter-output>
          </reporter-output>
        </test-method> <!-- OpenApp -->
        <test-method signature="Taptest()[pri:49, instance:module3.testNgScripts.NativeAppTest@7d61eb55]" started-at="2022-01-16T17:36:48Z" name="Taptest" finished-at="2022-01-16T17:36:53Z" duration-ms="4818" status="PASS">
          <reporter-output>
          </reporter-output>
        </test-method> <!-- Taptest -->
        <test-method is-config="true" signature="closeapp()[pri:0, instance:module3.testNgScripts.NativeAppTest@7d61eb55]" started-at="2022-01-16T17:36:53Z" name="closeapp" finished-at="2022-01-16T17:36:53Z" duration-ms="0" status="PASS">
          <reporter-output>
          </reporter-output>
        </test-method> <!-- closeapp -->
        <test-method is-config="true" signature="OpenApp(java.lang.String, java.lang.String, java.lang.String, java.lang.String, java.lang.String, java.lang.String)[pri:0, instance:module3.testNgScripts.NativeAppTest@7d61eb55]" started-at="2022-01-16T17:36:53Z" name="OpenApp" finished-at="2022-01-16T17:37:07Z" duration-ms="13416" status="PASS">
          <params>
            <param index="0">
              <value>
                <![CDATA[96352732140005T]]>
              </value>
            </param>
            <param index="1">
              <value>
                <![CDATA[ANDROID]]>
              </value>
            </param>
            <param index="2">
              <value>
                <![CDATA[11]]>
              </value>
            </param>
            <param index="3">
              <value>
                <![CDATA[com.google.android.apps.maps]]>
              </value>
            </param>
            <param index="4">
              <value>
                <![CDATA[com.google.android.maps.MapsActivity]]>
              </value>
            </param>
            <param index="5">
              <value>
                <![CDATA[http://127.0.0.1:4723/wd/hub]]>
              </value>
            </param>
          </params>
          <reporter-output>
          </reporter-output>
        </test-method> <!-- OpenApp -->
        <test-method signature="tabElementTest()[pri:50, instance:module3.testNgScripts.NativeAppTest@7d61eb55]" started-at="2022-01-16T17:37:07Z" name="tabElementTest" finished-at="2022-01-16T17:37:12Z" duration-ms="5183" status="PASS">
          <reporter-output>
          </reporter-output>
        </test-method> <!-- tabElementTest -->
        <test-method is-config="true" signature="closeapp()[pri:0, instance:module3.testNgScripts.NativeAppTest@7d61eb55]" started-at="2022-01-16T17:37:12Z" name="closeapp" finished-at="2022-01-16T17:37:12Z" duration-ms="0" status="PASS">
          <reporter-output>
          </reporter-output>
        </test-method> <!-- closeapp -->
      </class> <!-- module3.testNgScripts.NativeAppTest -->
    </test> <!-- nativeApp -->
  </suite> <!-- appiumtesting (0) -->
</testng-results>
