<?xml version="1.0" encoding="UTF-8"?>
<testng-results ignored="0" total="3" passed="3" failed="0" skipped="0">
  <reporter-output>
  </reporter-output>
  <suite started-at="2022-01-16T22:48:59 IST" name="appiumtesting" finished-at="2022-01-16T22:49:43 IST" duration-ms="44597">
    <groups>
    </groups>
    <test started-at="2022-01-16T22:48:59 IST" name="EmulatorDeviceApp" finished-at="2022-01-16T22:49:39 IST" duration-ms="39791">
      <class name="module3.testNgScripts.ContactsDemo">
        <test-method signature="contactAppTest(java.lang.String,java.lang.String,java.lang.String,java.lang.String,java.lang.String,java.lang.String)[pri:49, instance:module3.testNgScripts.ContactsDemo@36916eb0]" started-at="2022-01-16T22:48:59 IST" name="contactAppTest" finished-at="2022-01-16T22:49:39 IST" duration-ms="39670" status="PASS">
          <params>
            <param index="0">
              <value>
                <![CDATA[Nexus5]]>
              </value>
            </param>
            <param index="1">
              <value>
                <![CDATA[ANDROID]]>
              </value>
            </param>
            <param index="2">
              <value>
                <![CDATA[8.1]]>
              </value>
            </param>
            <param index="3">
              <value>
                <![CDATA[com.android.contacts]]>
              </value>
            </param>
            <param index="4">
              <value>
                <![CDATA[com.android.contacts.activities.PeopleActivity]]>
              </value>
            </param>
            <param index="5">
              <value>
                <![CDATA[http://127.0.0.1:4724/wd/hub]]>
              </value>
            </param>
          </params>
          <reporter-output>
          </reporter-output>
        </test-method> <!-- contactAppTest -->
      </class> <!-- module3.testNgScripts.ContactsDemo -->
    </test> <!-- EmulatorDeviceApp -->
    <test started-at="2022-01-16T22:48:59 IST" name="RealDeviceApp" finished-at="2022-01-16T22:49:43 IST" duration-ms="44597">
      <class name="module3.testNgScripts.NativeAppTest">
        <test-method is-config="true" signature="OpenApp(java.lang.String,java.lang.String,java.lang.String,java.lang.String,java.lang.String,java.lang.String)[pri:0, instance:module3.testNgScripts.NativeAppTest@3fb1549b]" started-at="2022-01-16T22:48:59 IST" name="OpenApp" finished-at="2022-01-16T22:49:16 IST" duration-ms="17008" status="PASS">
          <params>
            <param index="0">
              <value>
                <![CDATA[96352732140005T]]>
              </value>
            </param>
            <param index="1">
              <value>
                <![CDATA[ANDROID]]>
              </value>
            </param>
            <param index="2">
              <value>
                <![CDATA[11]]>
              </value>
            </param>
            <param index="3">
              <value>
                <![CDATA[com.google.android.apps.maps]]>
              </value>
            </param>
            <param index="4">
              <value>
                <![CDATA[com.google.android.maps.MapsActivity]]>
              </value>
            </param>
            <param index="5">
              <value>
                <![CDATA[http://127.0.0.1:4723/wd/hub]]>
              </value>
            </param>
          </params>
          <reporter-output>
          </reporter-output>
        </test-method> <!-- OpenApp -->
        <test-method signature="Taptest()[pri:49, instance:module3.testNgScripts.NativeAppTest@3fb1549b]" started-at="2022-01-16T22:49:16 IST" name="Taptest" finished-at="2022-01-16T22:49:21 IST" duration-ms="4850" status="PASS">
          <reporter-output>
          </reporter-output>
        </test-method> <!-- Taptest -->
        <test-method is-config="true" signature="closeapp()[pri:0, instance:module3.testNgScripts.NativeAppTest@3fb1549b]" started-at="2022-01-16T22:49:21 IST" name="closeapp" finished-at="2022-01-16T22:49:21 IST" duration-ms="2" status="PASS">
          <reporter-output>
          </reporter-output>
        </test-method> <!-- closeapp -->
        <test-method is-config="true" signature="OpenApp(java.lang.String,java.lang.String,java.lang.String,java.lang.String,java.lang.String,java.lang.String)[pri:0, instance:module3.testNgScripts.NativeAppTest@3fb1549b]" started-at="2022-01-16T22:49:21 IST" name="OpenApp" finished-at="2022-01-16T22:49:38 IST" duration-ms="17558" status="PASS">
          <params>
            <param index="0">
              <value>
                <![CDATA[96352732140005T]]>
              </value>
            </param>
            <param index="1">
              <value>
                <![CDATA[ANDROID]]>
              </value>
            </param>
            <param index="2">
              <value>
                <![CDATA[11]]>
              </value>
            </param>
            <param index="3">
              <value>
                <![CDATA[com.google.android.apps.maps]]>
              </value>
            </param>
            <param index="4">
              <value>
                <![CDATA[com.google.android.maps.MapsActivity]]>
              </value>
            </param>
            <param index="5">
              <value>
                <![CDATA[http://127.0.0.1:4723/wd/hub]]>
              </value>
            </param>
          </params>
          <reporter-output>
          </reporter-output>
        </test-method> <!-- OpenApp -->
        <test-method signature="tabElementTest()[pri:50, instance:module3.testNgScripts.NativeAppTest@3fb1549b]" started-at="2022-01-16T22:49:38 IST" name="tabElementTest" finished-at="2022-01-16T22:49:43 IST" duration-ms="5087" status="PASS">
          <reporter-output>
          </reporter-output>
        </test-method> <!-- tabElementTest -->
        <test-method is-config="true" signature="closeapp()[pri:0, instance:module3.testNgScripts.NativeAppTest@3fb1549b]" started-at="2022-01-16T22:49:43 IST" name="closeapp" finished-at="2022-01-16T22:49:43 IST" duration-ms="0" status="PASS">
          <reporter-output>
          </reporter-output>
        </test-method> <!-- closeapp -->
      </class> <!-- module3.testNgScripts.NativeAppTest -->
    </test> <!-- RealDeviceApp -->
  </suite> <!-- appiumtesting -->
</testng-results>
